<?xml version="1.0" encoding="UTF-8"?>
<testsuites name="Change Customer" time="45" tests="2" failures="3" errors="0">
   <testsuite name="Change Customer" tests="2" failures="3" errors="0" time="45" timestamp="2019-11-27 17:38:01" hostname="khaja.h - LP-5CD7465GP0.HCLT.CORP.HCL.IN" id="Test Suites/Change Customer">
      <properties>
         <property name="deviceName" value=""/>
         <property name="devicePlatform" value=""/>
         <property name="logFolder" value="C:\\Users\\khaja.h\\Katalon Studio\\Z-Connect\\Reports\\Change Customer\\20191127_173755"/>
         <property name="logFiles" value="C:\\Users\\khaja.h\\Katalon Studio\\Z-Connect\\Reports\\Change Customer\\20191127_173755\\execution0.log"/>
         <property name="attachments" value=""/>
         <property name="hostName" value="khaja.h - LP-5CD7465GP0.HCLT.CORP.HCL.IN"/>
         <property name="hostAddress" value="20.195.11.18"/>
         <property name="os" value="Windows 10 64bit"/>
         <property name="katalonVersion" value="5.10.1.1"/>
      </properties>
      <testcase name="Test Cases/Change Customer/Change Customer For individual customer in CUMN screen" classname="Test Cases/Change Customer/Change Customer For individual customer in CUMN screen" status="PASSED">
         <system-out><![CDATA[2019-11-27 17:38:02 - [TEST_CASE][PASSED] - Test Cases/Change Customer/Change Customer For individual customer in CUMN screen: Test Cases/Change Customer/Change Customer For individual customer in CUMN screen

2019-11-27 17:38:02 - [TEST_STEP][PASSED] - for ([i = 1, i < 3, (i++)]): Verify element property value successfully

2019-11-27 17:38:02 - [TEST_STEP][PASSED] - println("EXCEL SHEET ROW NUMBER IS : " + i): null

2019-11-27 17:38:02 - [TEST_STEP][PASSED] - println("APPLICATION CODE : " + findTestData("Z-Connect Test Data/Change Customer_TestData").getValue(36, i)): null

2019-11-27 17:38:05 - [TEST_STEP][PASSED] - println("STATUS CODE : " + findTestData("Z-Connect Test Data/Change Customer_TestData").getValue(37, i)): null

2019-11-27 17:38:06 - [TEST_STEP][PASSED] - println("STATUS MESSAGE : " + findTestData("Z-Connect Test Data/Change Customer_TestData").getValue(38, i)): null

2019-11-27 17:38:07 - [TEST_STEP][PASSED] - println("SEVERITY : " + findTestData("Z-Connect Test Data/Change Customer_TestData").getValue(39, i)): null

2019-11-27 17:38:07 - [TEST_STEP][PASSED] - response = sendRequest(findTestObject("Change Customer/Change Customer For individual customer in CUMN screen", ["inputKey":findTestData("Z-Connect Test Data/Change Customer_TestData").getValue(2, i), "customerTie":findTestData("Z-Connect Test Data/Change Customer_TestData").getValue(3, i), ... ])): Send request successfully

2019-11-27 17:38:17 - [MESSAGE][INFO] - HAR: C:\Users\khaja.h\Katalon Studio\Z-Connect\Reports\Change Customer\20191127_173755\requests\main\0.har

2019-11-27 17:38:17 - [MESSAGE][PASSED] - Send request successfully

2019-11-27 17:38:17 - [TEST_STEP][PASSED] - verifyResponseStatusCode(response, 200): Verify response status code successfully

2019-11-27 17:38:17 - [MESSAGE][PASSED] - Verify response status code successfully

2019-11-27 17:38:17 - [TEST_STEP][PASSED] - verifyElementPropertyValue(response, "changeCustomerServiceOperationResponse.RESPONSE.Output.xStatus.applicationCd", findTestData("Z-Connect Test Data/Change Customer_TestData").getValue(36, i)): Verify element property value successfully

2019-11-27 17:38:18 - [MESSAGE][PASSED] - Verify element property value successfully

2019-11-27 17:38:18 - [TEST_STEP][PASSED] - verifyElementPropertyValue(response, "changeCustomerServiceOperationResponse.RESPONSE.Output.xStatus.statusCd", findTestData("Z-Connect Test Data/Change Customer_TestData").getValue(37, i)): Verify element property value successfully

2019-11-27 17:38:18 - [MESSAGE][PASSED] - Verify element property value successfully

2019-11-27 17:38:18 - [TEST_STEP][PASSED] - verifyElementPropertyValue(response, "changeCustomerServiceOperationResponse.RESPONSE.Output.xStatus.statusMessage", findTestData("Z-Connect Test Data/Change Customer_TestData").getValue(38, i)): Verify element property value successfully

2019-11-27 17:38:19 - [MESSAGE][PASSED] - Verify element property value successfully

2019-11-27 17:38:19 - [TEST_STEP][PASSED] - verifyElementPropertyValue(response, "changeCustomerServiceOperationResponse.RESPONSE.Output.xStatus.severity", findTestData("Z-Connect Test Data/Change Customer_TestData").getValue(39, i)): Verify element property value successfully

2019-11-27 17:38:19 - [MESSAGE][PASSED] - Verify element property value successfully

2019-11-27 17:38:19 - [TEST_STEP][PASSED] - println("EXCEL SHEET ROW NUMBER IS : " + i): null

2019-11-27 17:38:19 - [TEST_STEP][PASSED] - println("APPLICATION CODE : " + findTestData("Z-Connect Test Data/Change Customer_TestData").getValue(36, i)): null

2019-11-27 17:38:19 - [TEST_STEP][PASSED] - println("STATUS CODE : " + findTestData("Z-Connect Test Data/Change Customer_TestData").getValue(37, i)): null

2019-11-27 17:38:19 - [TEST_STEP][PASSED] - println("STATUS MESSAGE : " + findTestData("Z-Connect Test Data/Change Customer_TestData").getValue(38, i)): null

2019-11-27 17:38:20 - [TEST_STEP][PASSED] - println("SEVERITY : " + findTestData("Z-Connect Test Data/Change Customer_TestData").getValue(39, i)): null

2019-11-27 17:38:20 - [TEST_STEP][PASSED] - response = sendRequest(findTestObject("Change Customer/Change Customer For individual customer in CUMN screen", ["inputKey":findTestData("Z-Connect Test Data/Change Customer_TestData").getValue(2, i), "customerTie":findTestData("Z-Connect Test Data/Change Customer_TestData").getValue(3, i), ... ])): Send request successfully

2019-11-27 17:38:23 - [MESSAGE][INFO] - HAR: C:\Users\khaja.h\Katalon Studio\Z-Connect\Reports\Change Customer\20191127_173755\requests\main\1.har

2019-11-27 17:38:23 - [MESSAGE][PASSED] - Send request successfully

2019-11-27 17:38:23 - [TEST_STEP][PASSED] - verifyResponseStatusCode(response, 200): Verify response status code successfully

2019-11-27 17:38:23 - [MESSAGE][PASSED] - Verify response status code successfully

2019-11-27 17:38:23 - [TEST_STEP][PASSED] - verifyElementPropertyValue(response, "changeCustomerServiceOperationResponse.RESPONSE.Output.xStatus.applicationCd", findTestData("Z-Connect Test Data/Change Customer_TestData").getValue(36, i)): Verify element property value successfully

2019-11-27 17:38:24 - [MESSAGE][PASSED] - Verify element property value successfully

2019-11-27 17:38:24 - [TEST_STEP][PASSED] - verifyElementPropertyValue(response, "changeCustomerServiceOperationResponse.RESPONSE.Output.xStatus.statusCd", findTestData("Z-Connect Test Data/Change Customer_TestData").getValue(37, i)): Verify element property value successfully

2019-11-27 17:38:24 - [MESSAGE][PASSED] - Verify element property value successfully

2019-11-27 17:38:24 - [TEST_STEP][PASSED] - verifyElementPropertyValue(response, "changeCustomerServiceOperationResponse.RESPONSE.Output.xStatus.statusMessage", findTestData("Z-Connect Test Data/Change Customer_TestData").getValue(38, i)): Verify element property value successfully

2019-11-27 17:38:24 - [MESSAGE][PASSED] - Verify element property value successfully

2019-11-27 17:38:24 - [TEST_STEP][PASSED] - verifyElementPropertyValue(response, "changeCustomerServiceOperationResponse.RESPONSE.Output.xStatus.severity", findTestData("Z-Connect Test Data/Change Customer_TestData").getValue(39, i)): Verify element property value successfully

2019-11-27 17:38:24 - [MESSAGE][PASSED] - Verify element property value successfully]]></system-out>
         <system-err><![CDATA[]]></system-err>
      </testcase>
      <testcase name="Test Cases/Change Customer/Change Customer For individual customer in CUAI screen" classname="Test Cases/Change Customer/Change Customer For individual customer in CUAI screen" status="PASSED">
         <system-out><![CDATA[2019-11-27 17:38:24 - [TEST_CASE][PASSED] - Test Cases/Change Customer/Change Customer For individual customer in CUAI screen: Test Cases/Change Customer/Change Customer For individual customer in CUAI screen

2019-11-27 17:38:25 - [TEST_STEP][PASSED] - for ([i = 3, i < 4, (i++)]): Verify element property value successfully

2019-11-27 17:38:25 - [TEST_STEP][PASSED] - println("ROW NUMBER IS : " + i): null

2019-11-27 17:38:25 - [TEST_STEP][PASSED] - println("APPLICATION CODE : " + findTestData("Z-Connect Test Data/Change Customer_TestData").getValue(36, i)): null

2019-11-27 17:38:25 - [TEST_STEP][PASSED] - println("STATUS CODE : " + findTestData("Z-Connect Test Data/Change Customer_TestData").getValue(37, i)): null

2019-11-27 17:38:25 - [TEST_STEP][PASSED] - println("STATUS MESSAGE : " + findTestData("Z-Connect Test Data/Change Customer_TestData").getValue(38, i)): null

2019-11-27 17:38:26 - [TEST_STEP][PASSED] - println("SEVERITY : " + findTestData("Z-Connect Test Data/Change Customer_TestData").getValue(39, i)): null

2019-11-27 17:38:26 - [TEST_STEP][PASSED] - response = sendRequest(findTestObject("Change Customer/Change Customer For individual customer in CUAI screen", ["inputKey":findTestData("Z-Connect Test Data/Change Customer_TestData").getValue(2, i), "customerTie":findTestData("Z-Connect Test Data/Change Customer_TestData").getValue(3, i), ... ])): Send request successfully

2019-11-27 17:38:29 - [MESSAGE][INFO] - HAR: C:\Users\khaja.h\Katalon Studio\Z-Connect\Reports\Change Customer\20191127_173755\requests\main\2.har

2019-11-27 17:38:29 - [MESSAGE][PASSED] - Send request successfully

2019-11-27 17:38:29 - [TEST_STEP][PASSED] - verifyResponseStatusCode(response, 200): Verify response status code successfully

2019-11-27 17:38:29 - [MESSAGE][PASSED] - Verify response status code successfully

2019-11-27 17:38:29 - [TEST_STEP][PASSED] - verifyElementPropertyValue(response, "changeCustomerServiceOperationResponse.RESPONSE.Output.xStatus.applicationCd", findTestData("Z-Connect Test Data/Change Customer_TestData").getValue(36, i)): Verify element property value successfully

2019-11-27 17:38:30 - [MESSAGE][PASSED] - Verify element property value successfully

2019-11-27 17:38:30 - [TEST_STEP][PASSED] - verifyElementPropertyValue(response, "changeCustomerServiceOperationResponse.RESPONSE.Output.xStatus.statusCd", findTestData("Z-Connect Test Data/Change Customer_TestData").getValue(37, i)): Verify element property value successfully

2019-11-27 17:38:30 - [MESSAGE][PASSED] - Verify element property value successfully

2019-11-27 17:38:30 - [TEST_STEP][PASSED] - verifyElementPropertyValue(response, "changeCustomerServiceOperationResponse.RESPONSE.Output.xStatus.statusMessage", findTestData("Z-Connect Test Data/Change Customer_TestData").getValue(38, i)): Verify element property value successfully

2019-11-27 17:38:30 - [MESSAGE][PASSED] - Verify element property value successfully

2019-11-27 17:38:30 - [TEST_STEP][PASSED] - verifyElementPropertyValue(response, "changeCustomerServiceOperationResponse.RESPONSE.Output.xStatus.severity", findTestData("Z-Connect Test Data/Change Customer_TestData").getValue(39, i)): Verify element property value successfully

2019-11-27 17:38:31 - [MESSAGE][PASSED] - Verify element property value successfully]]></system-out>
         <system-err><![CDATA[]]></system-err>
      </testcase>
      <testcase name="Test Cases/Change Customer/Change Customer For Business customer in CUCD screen" classname="Test Cases/Change Customer/Change Customer For Business customer in CUCD screen" status="FAILED">
         <failure type="FAILED" message="Test Cases/Change Customer/Change Customer For Business customer in CUCD screen FAILED.
Reason:
com.kms.katalon.core.exception.StepFailedException: Unable to verify response status code (Root cause: com.kms.katalon.core.exception.StepFailedException: Expected status code is '200' but actual status code is '400')
	at com.kms.katalon.core.keyword.internal.KeywordMain.stepFailed(KeywordMain.groovy:36)
	at com.kms.katalon.core.keyword.internal.KeywordMain.stepFailed(KeywordMain.groovy)
	at com.kms.katalon.core.keyword.internal.KeywordMain.runKeyword(KeywordMain.groovy:56)
	at com.kms.katalon.core.webservice.keyword.builtin.VerifyResponseStatusCodeKeyword.verifyResponseStatusCode(VerifyResponseStatusCodeKeyword.groovy:37)
	at com.kms.katalon.core.webservice.keyword.builtin.VerifyResponseStatusCodeKeyword.execute(VerifyResponseStatusCodeKeyword.groovy:32)
	at com.kms.katalon.core.keyword.internal.KeywordExecutor.executeKeywordForPlatform(KeywordExecutor.groovy:53)
	at com.kms.katalon.core.webservice.keyword.WSBuiltInKeywords.verifyResponseStatusCode(WSBuiltInKeywords.groovy:212)
	at com.kms.katalon.core.webservice.keyword.WSBuiltInKeywords$verifyResponseStatusCode$0.call(Unknown Source)
	at Change Customer For Business customer in CUCD screen.run(Change Customer For Business customer in CUCD screen:40)
	at com.kms.katalon.core.main.ScriptEngine.run(ScriptEngine.java:194)
	at com.kms.katalon.core.main.ScriptEngine.runScriptAsRawText(ScriptEngine.java:119)
	at com.kms.katalon.core.main.TestCaseExecutor.runScript(TestCaseExecutor.java:328)
	at com.kms.katalon.core.main.TestCaseExecutor.doExecute(TestCaseExecutor.java:319)
	at com.kms.katalon.core.main.TestCaseExecutor.processExecutionPhase(TestCaseExecutor.java:298)
	at com.kms.katalon.core.main.TestCaseExecutor.accessMainPhase(TestCaseExecutor.java:290)
	at com.kms.katalon.core.main.TestCaseExecutor.execute(TestCaseExecutor.java:224)
	at com.kms.katalon.core.main.TestSuiteExecutor.accessTestCaseMainPhase(TestSuiteExecutor.java:129)
	at com.kms.katalon.core.main.TestSuiteExecutor.accessTestSuiteMainPhase(TestSuiteExecutor.java:112)
	at com.kms.katalon.core.main.TestSuiteExecutor.execute(TestSuiteExecutor.java:81)
	at com.kms.katalon.core.main.TestCaseMain.startTestSuite(TestCaseMain.java:149)
	at com.kms.katalon.core.main.TestCaseMain$startTestSuite$0.call(Unknown Source)
	at TempTestSuite1574856476021.run(TempTestSuite1574856476021.groovy:36)
"/>
         <system-out><![CDATA[2019-11-27 17:38:31 - [TEST_CASE][FAILED] - Test Cases/Change Customer/Change Customer For Business customer in CUCD screen: Test Cases/Change Customer/Change Customer For Business customer in CUCD screen FAILED.
Reason:
com.kms.katalon.core.exception.StepFailedException: Unable to verify response status code (Root cause: com.kms.katalon.core.exception.StepFailedException: Expected status code is '200' but actual status code is '400')
	at com.kms.katalon.core.keyword.internal.KeywordMain.stepFailed(KeywordMain.groovy:36)
	at com.kms.katalon.core.keyword.internal.KeywordMain.stepFailed(KeywordMain.groovy)
	at com.kms.katalon.core.keyword.internal.KeywordMain.runKeyword(KeywordMain.groovy:56)
	at com.kms.katalon.core.webservice.keyword.builtin.VerifyResponseStatusCodeKeyword.verifyResponseStatusCode(VerifyResponseStatusCodeKeyword.groovy:37)
	at com.kms.katalon.core.webservice.keyword.builtin.VerifyResponseStatusCodeKeyword.execute(VerifyResponseStatusCodeKeyword.groovy:32)
	at com.kms.katalon.core.keyword.internal.KeywordExecutor.executeKeywordForPlatform(KeywordExecutor.groovy:53)
	at com.kms.katalon.core.webservice.keyword.WSBuiltInKeywords.verifyResponseStatusCode(WSBuiltInKeywords.groovy:212)
	at com.kms.katalon.core.webservice.keyword.WSBuiltInKeywords$verifyResponseStatusCode$0.call(Unknown Source)
	at Change Customer For Business customer in CUCD screen.run(Change Customer For Business customer in CUCD screen:40)
	at com.kms.katalon.core.main.ScriptEngine.run(ScriptEngine.java:194)
	at com.kms.katalon.core.main.ScriptEngine.runScriptAsRawText(ScriptEngine.java:119)
	at com.kms.katalon.core.main.TestCaseExecutor.runScript(TestCaseExecutor.java:328)
	at com.kms.katalon.core.main.TestCaseExecutor.doExecute(TestCaseExecutor.java:319)
	at com.kms.katalon.core.main.TestCaseExecutor.processExecutionPhase(TestCaseExecutor.java:298)
	at com.kms.katalon.core.main.TestCaseExecutor.accessMainPhase(TestCaseExecutor.java:290)
	at com.kms.katalon.core.main.TestCaseExecutor.execute(TestCaseExecutor.java:224)
	at com.kms.katalon.core.main.TestSuiteExecutor.accessTestCaseMainPhase(TestSuiteExecutor.java:129)
	at com.kms.katalon.core.main.TestSuiteExecutor.accessTestSuiteMainPhase(TestSuiteExecutor.java:112)
	at com.kms.katalon.core.main.TestSuiteExecutor.execute(TestSuiteExecutor.java:81)
	at com.kms.katalon.core.main.TestCaseMain.startTestSuite(TestCaseMain.java:149)
	at com.kms.katalon.core.main.TestCaseMain$startTestSuite$0.call(Unknown Source)
	at TempTestSuite1574856476021.run(TempTestSuite1574856476021.groovy:36)


2019-11-27 17:38:31 - [TEST_STEP][FAILED] - for ([i = 3, i < 4, (i++)]): for ([i = 3, i < 4, (i++)]) FAILED.
Reason:
com.kms.katalon.core.exception.StepFailedException: Unable to verify response status code (Root cause: com.kms.katalon.core.exception.StepFailedException: Expected status code is '200' but actual status code is '400')
	at com.kms.katalon.core.keyword.internal.KeywordMain.stepFailed(KeywordMain.groovy:36)
	at com.kms.katalon.core.keyword.internal.KeywordMain.stepFailed(KeywordMain.groovy)
	at com.kms.katalon.core.keyword.internal.KeywordMain.runKeyword(KeywordMain.groovy:56)
	at com.kms.katalon.core.webservice.keyword.builtin.VerifyResponseStatusCodeKeyword.verifyResponseStatusCode(VerifyResponseStatusCodeKeyword.groovy:37)
	at com.kms.katalon.core.webservice.keyword.builtin.VerifyResponseStatusCodeKeyword.execute(VerifyResponseStatusCodeKeyword.groovy:32)
	at com.kms.katalon.core.keyword.internal.KeywordExecutor.executeKeywordForPlatform(KeywordExecutor.groovy:53)
	at com.kms.katalon.core.webservice.keyword.WSBuiltInKeywords.verifyResponseStatusCode(WSBuiltInKeywords.groovy:212)
	at com.kms.katalon.core.webservice.keyword.WSBuiltInKeywords$verifyResponseStatusCode$0.call(Unknown Source)
	at Change Customer For Business customer in CUCD screen.run(Change Customer For Business customer in CUCD screen:40)
	at com.kms.katalon.core.main.ScriptEngine.run(ScriptEngine.java:194)
	at com.kms.katalon.core.main.ScriptEngine.runScriptAsRawText(ScriptEngine.java:119)
	at com.kms.katalon.core.main.TestCaseExecutor.runScript(TestCaseExecutor.java:328)
	at com.kms.katalon.core.main.TestCaseExecutor.doExecute(TestCaseExecutor.java:319)
	at com.kms.katalon.core.main.TestCaseExecutor.processExecutionPhase(TestCaseExecutor.java:298)
	at com.kms.katalon.core.main.TestCaseExecutor.accessMainPhase(TestCaseExecutor.java:290)
	at com.kms.katalon.core.main.TestCaseExecutor.execute(TestCaseExecutor.java:224)
	at com.kms.katalon.core.main.TestSuiteExecutor.accessTestCaseMainPhase(TestSuiteExecutor.java:129)
	at com.kms.katalon.core.main.TestSuiteExecutor.accessTestSuiteMainPhase(TestSuiteExecutor.java:112)
	at com.kms.katalon.core.main.TestSuiteExecutor.execute(TestSuiteExecutor.java:81)
	at com.kms.katalon.core.main.TestCaseMain.startTestSuite(TestCaseMain.java:149)
	at com.kms.katalon.core.main.TestCaseMain$startTestSuite$0.call(Unknown Source)
	at TempTestSuite1574856476021.run(TempTestSuite1574856476021.groovy:36)


2019-11-27 17:38:31 - [TEST_STEP][PASSED] - println("ROW NUMBER IS : " + i): null

2019-11-27 17:38:31 - [TEST_STEP][PASSED] - println("APPLICATION CODE : " + findTestData("Z-Connect Test Data/Change Customer_TestData").getValue(15, i)): null

2019-11-27 17:38:32 - [TEST_STEP][PASSED] - println("STATUS CODE : " + findTestData("Z-Connect Test Data/Change Customer_TestData").getValue(16, i)): null

2019-11-27 17:38:32 - [TEST_STEP][PASSED] - println("STATUS MESSAGE : " + findTestData("Z-Connect Test Data/Change Customer_TestData").getValue(17, i)): null

2019-11-27 17:38:32 - [TEST_STEP][PASSED] - println("SEVERITY : " + findTestData("Z-Connect Test Data/Change Customer_TestData").getValue(18, i)): null

2019-11-27 17:38:33 - [TEST_STEP][PASSED] - response = sendRequest(findTestObject("Change Customer/Change Customer For Business customer in CUCD screen", ["inputKey":findTestData("Z-Connect Test Data/Change Customer_TestData").getValue(2, i), "customerTie":findTestData("Z-Connect Test Data/Change Customer_TestData").getValue(3, i), ... ])): Send request successfully

2019-11-27 17:38:38 - [MESSAGE][INFO] - HAR: C:\Users\khaja.h\Katalon Studio\Z-Connect\Reports\Change Customer\20191127_173755\requests\main\3.har

2019-11-27 17:38:38 - [MESSAGE][PASSED] - Send request successfully

2019-11-27 17:38:38 - [TEST_STEP][FAILED] - verifyResponseStatusCode(response, 200): for ([i = 3, i < 4, (i++)]) FAILED.
Reason:
com.kms.katalon.core.exception.StepFailedException: Unable to verify response status code (Root cause: com.kms.katalon.core.exception.StepFailedException: Expected status code is '200' but actual status code is '400')
	at com.kms.katalon.core.keyword.internal.KeywordMain.stepFailed(KeywordMain.groovy:36)
	at com.kms.katalon.core.keyword.internal.KeywordMain.stepFailed(KeywordMain.groovy)
	at com.kms.katalon.core.keyword.internal.KeywordMain.runKeyword(KeywordMain.groovy:56)
	at com.kms.katalon.core.webservice.keyword.builtin.VerifyResponseStatusCodeKeyword.verifyResponseStatusCode(VerifyResponseStatusCodeKeyword.groovy:37)
	at com.kms.katalon.core.webservice.keyword.builtin.VerifyResponseStatusCodeKeyword.execute(VerifyResponseStatusCodeKeyword.groovy:32)
	at com.kms.katalon.core.keyword.internal.KeywordExecutor.executeKeywordForPlatform(KeywordExecutor.groovy:53)
	at com.kms.katalon.core.webservice.keyword.WSBuiltInKeywords.verifyResponseStatusCode(WSBuiltInKeywords.groovy:212)
	at com.kms.katalon.core.webservice.keyword.WSBuiltInKeywords$verifyResponseStatusCode$0.call(Unknown Source)
	at Change Customer For Business customer in CUCD screen.run(Change Customer For Business customer in CUCD screen:40)
	at com.kms.katalon.core.main.ScriptEngine.run(ScriptEngine.java:194)
	at com.kms.katalon.core.main.ScriptEngine.runScriptAsRawText(ScriptEngine.java:119)
	at com.kms.katalon.core.main.TestCaseExecutor.runScript(TestCaseExecutor.java:328)
	at com.kms.katalon.core.main.TestCaseExecutor.doExecute(TestCaseExecutor.java:319)
	at com.kms.katalon.core.main.TestCaseExecutor.processExecutionPhase(TestCaseExecutor.java:298)
	at com.kms.katalon.core.main.TestCaseExecutor.accessMainPhase(TestCaseExecutor.java:290)
	at com.kms.katalon.core.main.TestCaseExecutor.execute(TestCaseExecutor.java:224)
	at com.kms.katalon.core.main.TestSuiteExecutor.accessTestCaseMainPhase(TestSuiteExecutor.java:129)
	at com.kms.katalon.core.main.TestSuiteExecutor.accessTestSuiteMainPhase(TestSuiteExecutor.java:112)
	at com.kms.katalon.core.main.TestSuiteExecutor.execute(TestSuiteExecutor.java:81)
	at com.kms.katalon.core.main.TestCaseMain.startTestSuite(TestCaseMain.java:149)
	at com.kms.katalon.core.main.TestCaseMain$startTestSuite$0.call(Unknown Source)
	at TempTestSuite1574856476021.run(TempTestSuite1574856476021.groovy:36)


2019-11-27 17:38:38 - [MESSAGE][FAILED] - Expected status code is '200' but actual status code is '400'

2019-11-27 17:38:38 - [MESSAGE][FAILED] - Unable to verify response status code (Root cause: com.kms.katalon.core.exception.StepFailedException: Expected status code is '200' but actual status code is '400')

2019-11-27 17:38:38 - [MESSAGE][FAILED] - for ([i = 3, i < 4, (i++)]) FAILED.
Reason:
com.kms.katalon.core.exception.StepFailedException: Unable to verify response status code (Root cause: com.kms.katalon.core.exception.StepFailedException: Expected status code is '200' but actual status code is '400')
	at com.kms.katalon.core.keyword.internal.KeywordMain.stepFailed(KeywordMain.groovy:36)
	at com.kms.katalon.core.keyword.internal.KeywordMain.stepFailed(KeywordMain.groovy)
	at com.kms.katalon.core.keyword.internal.KeywordMain.runKeyword(KeywordMain.groovy:56)
	at com.kms.katalon.core.webservice.keyword.builtin.VerifyResponseStatusCodeKeyword.verifyResponseStatusCode(VerifyResponseStatusCodeKeyword.groovy:37)
	at com.kms.katalon.core.webservice.keyword.builtin.VerifyResponseStatusCodeKeyword.execute(VerifyResponseStatusCodeKeyword.groovy:32)
	at com.kms.katalon.core.keyword.internal.KeywordExecutor.executeKeywordForPlatform(KeywordExecutor.groovy:53)
	at com.kms.katalon.core.webservice.keyword.WSBuiltInKeywords.verifyResponseStatusCode(WSBuiltInKeywords.groovy:212)
	at com.kms.katalon.core.webservice.keyword.WSBuiltInKeywords$verifyResponseStatusCode$0.call(Unknown Source)
	at Change Customer For Business customer in CUCD screen.run(Change Customer For Business customer in CUCD screen:40)
	at com.kms.katalon.core.main.ScriptEngine.run(ScriptEngine.java:194)
	at com.kms.katalon.core.main.ScriptEngine.runScriptAsRawText(ScriptEngine.java:119)
	at com.kms.katalon.core.main.TestCaseExecutor.runScript(TestCaseExecutor.java:328)
	at com.kms.katalon.core.main.TestCaseExecutor.doExecute(TestCaseExecutor.java:319)
	at com.kms.katalon.core.main.TestCaseExecutor.processExecutionPhase(TestCaseExecutor.java:298)
	at com.kms.katalon.core.main.TestCaseExecutor.accessMainPhase(TestCaseExecutor.java:290)
	at com.kms.katalon.core.main.TestCaseExecutor.execute(TestCaseExecutor.java:224)
	at com.kms.katalon.core.main.TestSuiteExecutor.accessTestCaseMainPhase(TestSuiteExecutor.java:129)
	at com.kms.katalon.core.main.TestSuiteExecutor.accessTestSuiteMainPhase(TestSuiteExecutor.java:112)
	at com.kms.katalon.core.main.TestSuiteExecutor.execute(TestSuiteExecutor.java:81)
	at com.kms.katalon.core.main.TestCaseMain.startTestSuite(TestCaseMain.java:149)
	at com.kms.katalon.core.main.TestCaseMain$startTestSuite$0.call(Unknown Source)
	at TempTestSuite1574856476021.run(TempTestSuite1574856476021.groovy:36)]]></system-out>
         <system-err><![CDATA[2019-11-27 17:38:31 - [TEST_CASE][FAILED] - Test Cases/Change Customer/Change Customer For Business customer in CUCD screen: Test Cases/Change Customer/Change Customer For Business customer in CUCD screen FAILED.
Reason:
com.kms.katalon.core.exception.StepFailedException: Unable to verify response status code (Root cause: com.kms.katalon.core.exception.StepFailedException: Expected status code is '200' but actual status code is '400')
	at com.kms.katalon.core.keyword.internal.KeywordMain.stepFailed(KeywordMain.groovy:36)
	at com.kms.katalon.core.keyword.internal.KeywordMain.stepFailed(KeywordMain.groovy)
	at com.kms.katalon.core.keyword.internal.KeywordMain.runKeyword(KeywordMain.groovy:56)
	at com.kms.katalon.core.webservice.keyword.builtin.VerifyResponseStatusCodeKeyword.verifyResponseStatusCode(VerifyResponseStatusCodeKeyword.groovy:37)
	at com.kms.katalon.core.webservice.keyword.builtin.VerifyResponseStatusCodeKeyword.execute(VerifyResponseStatusCodeKeyword.groovy:32)
	at com.kms.katalon.core.keyword.internal.KeywordExecutor.executeKeywordForPlatform(KeywordExecutor.groovy:53)
	at com.kms.katalon.core.webservice.keyword.WSBuiltInKeywords.verifyResponseStatusCode(WSBuiltInKeywords.groovy:212)
	at com.kms.katalon.core.webservice.keyword.WSBuiltInKeywords$verifyResponseStatusCode$0.call(Unknown Source)
	at Change Customer For Business customer in CUCD screen.run(Change Customer For Business customer in CUCD screen:40)
	at com.kms.katalon.core.main.ScriptEngine.run(ScriptEngine.java:194)
	at com.kms.katalon.core.main.ScriptEngine.runScriptAsRawText(ScriptEngine.java:119)
	at com.kms.katalon.core.main.TestCaseExecutor.runScript(TestCaseExecutor.java:328)
	at com.kms.katalon.core.main.TestCaseExecutor.doExecute(TestCaseExecutor.java:319)
	at com.kms.katalon.core.main.TestCaseExecutor.processExecutionPhase(TestCaseExecutor.java:298)
	at com.kms.katalon.core.main.TestCaseExecutor.accessMainPhase(TestCaseExecutor.java:290)
	at com.kms.katalon.core.main.TestCaseExecutor.execute(TestCaseExecutor.java:224)
	at com.kms.katalon.core.main.TestSuiteExecutor.accessTestCaseMainPhase(TestSuiteExecutor.java:129)
	at com.kms.katalon.core.main.TestSuiteExecutor.accessTestSuiteMainPhase(TestSuiteExecutor.java:112)
	at com.kms.katalon.core.main.TestSuiteExecutor.execute(TestSuiteExecutor.java:81)
	at com.kms.katalon.core.main.TestCaseMain.startTestSuite(TestCaseMain.java:149)
	at com.kms.katalon.core.main.TestCaseMain$startTestSuite$0.call(Unknown Source)
	at TempTestSuite1574856476021.run(TempTestSuite1574856476021.groovy:36)]]></system-err>
      </testcase>
      <testcase name="Test Cases/Change Customer/Change Customer Bank service information for a idividual customer in CUBK screen" classname="Test Cases/Change Customer/Change Customer Bank service information for a idividual customer in CUBK screen" status="FAILED">
         <failure type="FAILED" message="Test Cases/Change Customer/Change Customer Bank service information for a idividual customer in CUBK screen FAILED.
Reason:
com.kms.katalon.core.exception.StepFailedException: Unable to verify response status code (Root cause: com.kms.katalon.core.exception.StepFailedException: Expected status code is '200' but actual status code is '400')
	at com.kms.katalon.core.keyword.internal.KeywordMain.stepFailed(KeywordMain.groovy:36)
	at com.kms.katalon.core.keyword.internal.KeywordMain.stepFailed(KeywordMain.groovy)
	at com.kms.katalon.core.keyword.internal.KeywordMain.runKeyword(KeywordMain.groovy:56)
	at com.kms.katalon.core.webservice.keyword.builtin.VerifyResponseStatusCodeKeyword.verifyResponseStatusCode(VerifyResponseStatusCodeKeyword.groovy:37)
	at com.kms.katalon.core.webservice.keyword.builtin.VerifyResponseStatusCodeKeyword.execute(VerifyResponseStatusCodeKeyword.groovy:32)
	at com.kms.katalon.core.keyword.internal.KeywordExecutor.executeKeywordForPlatform(KeywordExecutor.groovy:53)
	at com.kms.katalon.core.webservice.keyword.WSBuiltInKeywords.verifyResponseStatusCode(WSBuiltInKeywords.groovy:212)
	at com.kms.katalon.core.webservice.keyword.WSBuiltInKeywords$verifyResponseStatusCode$0.call(Unknown Source)
	at Change Customer Bank service information for a idividual customer in CUBK screen.run(Change Customer Bank service information for a idividual customer in CUBK screen:37)
	at com.kms.katalon.core.main.ScriptEngine.run(ScriptEngine.java:194)
	at com.kms.katalon.core.main.ScriptEngine.runScriptAsRawText(ScriptEngine.java:119)
	at com.kms.katalon.core.main.TestCaseExecutor.runScript(TestCaseExecutor.java:328)
	at com.kms.katalon.core.main.TestCaseExecutor.doExecute(TestCaseExecutor.java:319)
	at com.kms.katalon.core.main.TestCaseExecutor.processExecutionPhase(TestCaseExecutor.java:298)
	at com.kms.katalon.core.main.TestCaseExecutor.accessMainPhase(TestCaseExecutor.java:290)
	at com.kms.katalon.core.main.TestCaseExecutor.execute(TestCaseExecutor.java:224)
	at com.kms.katalon.core.main.TestSuiteExecutor.accessTestCaseMainPhase(TestSuiteExecutor.java:129)
	at com.kms.katalon.core.main.TestSuiteExecutor.accessTestSuiteMainPhase(TestSuiteExecutor.java:112)
	at com.kms.katalon.core.main.TestSuiteExecutor.execute(TestSuiteExecutor.java:81)
	at com.kms.katalon.core.main.TestCaseMain.startTestSuite(TestCaseMain.java:149)
	at com.kms.katalon.core.main.TestCaseMain$startTestSuite$0.call(Unknown Source)
	at TempTestSuite1574856476021.run(TempTestSuite1574856476021.groovy:36)
"/>
         <system-out><![CDATA[2019-11-27 17:38:38 - [TEST_CASE][FAILED] - Test Cases/Change Customer/Change Customer Bank service information for a idividual customer in CUBK screen: Test Cases/Change Customer/Change Customer Bank service information for a idividual customer in CUBK screen FAILED.
Reason:
com.kms.katalon.core.exception.StepFailedException: Unable to verify response status code (Root cause: com.kms.katalon.core.exception.StepFailedException: Expected status code is '200' but actual status code is '400')
	at com.kms.katalon.core.keyword.internal.KeywordMain.stepFailed(KeywordMain.groovy:36)
	at com.kms.katalon.core.keyword.internal.KeywordMain.stepFailed(KeywordMain.groovy)
	at com.kms.katalon.core.keyword.internal.KeywordMain.runKeyword(KeywordMain.groovy:56)
	at com.kms.katalon.core.webservice.keyword.builtin.VerifyResponseStatusCodeKeyword.verifyResponseStatusCode(VerifyResponseStatusCodeKeyword.groovy:37)
	at com.kms.katalon.core.webservice.keyword.builtin.VerifyResponseStatusCodeKeyword.execute(VerifyResponseStatusCodeKeyword.groovy:32)
	at com.kms.katalon.core.keyword.internal.KeywordExecutor.executeKeywordForPlatform(KeywordExecutor.groovy:53)
	at com.kms.katalon.core.webservice.keyword.WSBuiltInKeywords.verifyResponseStatusCode(WSBuiltInKeywords.groovy:212)
	at com.kms.katalon.core.webservice.keyword.WSBuiltInKeywords$verifyResponseStatusCode$0.call(Unknown Source)
	at Change Customer Bank service information for a idividual customer in CUBK screen.run(Change Customer Bank service information for a idividual customer in CUBK screen:37)
	at com.kms.katalon.core.main.ScriptEngine.run(ScriptEngine.java:194)
	at com.kms.katalon.core.main.ScriptEngine.runScriptAsRawText(ScriptEngine.java:119)
	at com.kms.katalon.core.main.TestCaseExecutor.runScript(TestCaseExecutor.java:328)
	at com.kms.katalon.core.main.TestCaseExecutor.doExecute(TestCaseExecutor.java:319)
	at com.kms.katalon.core.main.TestCaseExecutor.processExecutionPhase(TestCaseExecutor.java:298)
	at com.kms.katalon.core.main.TestCaseExecutor.accessMainPhase(TestCaseExecutor.java:290)
	at com.kms.katalon.core.main.TestCaseExecutor.execute(TestCaseExecutor.java:224)
	at com.kms.katalon.core.main.TestSuiteExecutor.accessTestCaseMainPhase(TestSuiteExecutor.java:129)
	at com.kms.katalon.core.main.TestSuiteExecutor.accessTestSuiteMainPhase(TestSuiteExecutor.java:112)
	at com.kms.katalon.core.main.TestSuiteExecutor.execute(TestSuiteExecutor.java:81)
	at com.kms.katalon.core.main.TestCaseMain.startTestSuite(TestCaseMain.java:149)
	at com.kms.katalon.core.main.TestCaseMain$startTestSuite$0.call(Unknown Source)
	at TempTestSuite1574856476021.run(TempTestSuite1574856476021.groovy:36)


2019-11-27 17:38:38 - [TEST_STEP][FAILED] - for ([i = 4, i < 5, (i++)]): for ([i = 4, i < 5, (i++)]) FAILED.
Reason:
com.kms.katalon.core.exception.StepFailedException: Unable to verify response status code (Root cause: com.kms.katalon.core.exception.StepFailedException: Expected status code is '200' but actual status code is '400')
	at com.kms.katalon.core.keyword.internal.KeywordMain.stepFailed(KeywordMain.groovy:36)
	at com.kms.katalon.core.keyword.internal.KeywordMain.stepFailed(KeywordMain.groovy)
	at com.kms.katalon.core.keyword.internal.KeywordMain.runKeyword(KeywordMain.groovy:56)
	at com.kms.katalon.core.webservice.keyword.builtin.VerifyResponseStatusCodeKeyword.verifyResponseStatusCode(VerifyResponseStatusCodeKeyword.groovy:37)
	at com.kms.katalon.core.webservice.keyword.builtin.VerifyResponseStatusCodeKeyword.execute(VerifyResponseStatusCodeKeyword.groovy:32)
	at com.kms.katalon.core.keyword.internal.KeywordExecutor.executeKeywordForPlatform(KeywordExecutor.groovy:53)
	at com.kms.katalon.core.webservice.keyword.WSBuiltInKeywords.verifyResponseStatusCode(WSBuiltInKeywords.groovy:212)
	at com.kms.katalon.core.webservice.keyword.WSBuiltInKeywords$verifyResponseStatusCode$0.call(Unknown Source)
	at Change Customer Bank service information for a idividual customer in CUBK screen.run(Change Customer Bank service information for a idividual customer in CUBK screen:37)
	at com.kms.katalon.core.main.ScriptEngine.run(ScriptEngine.java:194)
	at com.kms.katalon.core.main.ScriptEngine.runScriptAsRawText(ScriptEngine.java:119)
	at com.kms.katalon.core.main.TestCaseExecutor.runScript(TestCaseExecutor.java:328)
	at com.kms.katalon.core.main.TestCaseExecutor.doExecute(TestCaseExecutor.java:319)
	at com.kms.katalon.core.main.TestCaseExecutor.processExecutionPhase(TestCaseExecutor.java:298)
	at com.kms.katalon.core.main.TestCaseExecutor.accessMainPhase(TestCaseExecutor.java:290)
	at com.kms.katalon.core.main.TestCaseExecutor.execute(TestCaseExecutor.java:224)
	at com.kms.katalon.core.main.TestSuiteExecutor.accessTestCaseMainPhase(TestSuiteExecutor.java:129)
	at com.kms.katalon.core.main.TestSuiteExecutor.accessTestSuiteMainPhase(TestSuiteExecutor.java:112)
	at com.kms.katalon.core.main.TestSuiteExecutor.execute(TestSuiteExecutor.java:81)
	at com.kms.katalon.core.main.TestCaseMain.startTestSuite(TestCaseMain.java:149)
	at com.kms.katalon.core.main.TestCaseMain$startTestSuite$0.call(Unknown Source)
	at TempTestSuite1574856476021.run(TempTestSuite1574856476021.groovy:36)


2019-11-27 17:38:38 - [TEST_STEP][PASSED] - println("EXCEL SHEET ROW NUMBER IS : " + i): null

2019-11-27 17:38:38 - [TEST_STEP][PASSED] - println("APPLICATION CODE : " + findTestData("Z-Connect Test Data/Change Customer_TestData").getValue(15, i)): null

2019-11-27 17:38:39 - [TEST_STEP][PASSED] - println("STATUS CODE : " + findTestData("Z-Connect Test Data/Change Customer_TestData").getValue(16, i)): null

2019-11-27 17:38:39 - [TEST_STEP][PASSED] - println("STATUS MESSAGE : " + findTestData("Z-Connect Test Data/Change Customer_TestData").getValue(17, i)): null

2019-11-27 17:38:39 - [TEST_STEP][PASSED] - println("SEVERITY : " + findTestData("Z-Connect Test Data/Change Customer_TestData").getValue(18, i)): null

2019-11-27 17:38:39 - [TEST_STEP][PASSED] - response = sendRequest(findTestObject("Change Customer/Change Customer Bank service information for a idividual customer in CUBK screen", ["inputKey":findTestData("Z-Connect Test Data/Change Customer_TestData").getValue(2, i), "customerTie":findTestData("Z-Connect Test Data/Change Customer_TestData").getValue(3, i), ... ])): Send request successfully

2019-11-27 17:38:43 - [MESSAGE][INFO] - HAR: C:\Users\khaja.h\Katalon Studio\Z-Connect\Reports\Change Customer\20191127_173755\requests\main\4.har

2019-11-27 17:38:43 - [MESSAGE][PASSED] - Send request successfully

2019-11-27 17:38:43 - [TEST_STEP][FAILED] - verifyResponseStatusCode(response, 200): for ([i = 4, i < 5, (i++)]) FAILED.
Reason:
com.kms.katalon.core.exception.StepFailedException: Unable to verify response status code (Root cause: com.kms.katalon.core.exception.StepFailedException: Expected status code is '200' but actual status code is '400')
	at com.kms.katalon.core.keyword.internal.KeywordMain.stepFailed(KeywordMain.groovy:36)
	at com.kms.katalon.core.keyword.internal.KeywordMain.stepFailed(KeywordMain.groovy)
	at com.kms.katalon.core.keyword.internal.KeywordMain.runKeyword(KeywordMain.groovy:56)
	at com.kms.katalon.core.webservice.keyword.builtin.VerifyResponseStatusCodeKeyword.verifyResponseStatusCode(VerifyResponseStatusCodeKeyword.groovy:37)
	at com.kms.katalon.core.webservice.keyword.builtin.VerifyResponseStatusCodeKeyword.execute(VerifyResponseStatusCodeKeyword.groovy:32)
	at com.kms.katalon.core.keyword.internal.KeywordExecutor.executeKeywordForPlatform(KeywordExecutor.groovy:53)
	at com.kms.katalon.core.webservice.keyword.WSBuiltInKeywords.verifyResponseStatusCode(WSBuiltInKeywords.groovy:212)
	at com.kms.katalon.core.webservice.keyword.WSBuiltInKeywords$verifyResponseStatusCode$0.call(Unknown Source)
	at Change Customer Bank service information for a idividual customer in CUBK screen.run(Change Customer Bank service information for a idividual customer in CUBK screen:37)
	at com.kms.katalon.core.main.ScriptEngine.run(ScriptEngine.java:194)
	at com.kms.katalon.core.main.ScriptEngine.runScriptAsRawText(ScriptEngine.java:119)
	at com.kms.katalon.core.main.TestCaseExecutor.runScript(TestCaseExecutor.java:328)
	at com.kms.katalon.core.main.TestCaseExecutor.doExecute(TestCaseExecutor.java:319)
	at com.kms.katalon.core.main.TestCaseExecutor.processExecutionPhase(TestCaseExecutor.java:298)
	at com.kms.katalon.core.main.TestCaseExecutor.accessMainPhase(TestCaseExecutor.java:290)
	at com.kms.katalon.core.main.TestCaseExecutor.execute(TestCaseExecutor.java:224)
	at com.kms.katalon.core.main.TestSuiteExecutor.accessTestCaseMainPhase(TestSuiteExecutor.java:129)
	at com.kms.katalon.core.main.TestSuiteExecutor.accessTestSuiteMainPhase(TestSuiteExecutor.java:112)
	at com.kms.katalon.core.main.TestSuiteExecutor.execute(TestSuiteExecutor.java:81)
	at com.kms.katalon.core.main.TestCaseMain.startTestSuite(TestCaseMain.java:149)
	at com.kms.katalon.core.main.TestCaseMain$startTestSuite$0.call(Unknown Source)
	at TempTestSuite1574856476021.run(TempTestSuite1574856476021.groovy:36)


2019-11-27 17:38:43 - [MESSAGE][FAILED] - Expected status code is '200' but actual status code is '400'

2019-11-27 17:38:43 - [MESSAGE][FAILED] - Unable to verify response status code (Root cause: com.kms.katalon.core.exception.StepFailedException: Expected status code is '200' but actual status code is '400')

2019-11-27 17:38:43 - [MESSAGE][FAILED] - for ([i = 4, i < 5, (i++)]) FAILED.
Reason:
com.kms.katalon.core.exception.StepFailedException: Unable to verify response status code (Root cause: com.kms.katalon.core.exception.StepFailedException: Expected status code is '200' but actual status code is '400')
	at com.kms.katalon.core.keyword.internal.KeywordMain.stepFailed(KeywordMain.groovy:36)
	at com.kms.katalon.core.keyword.internal.KeywordMain.stepFailed(KeywordMain.groovy)
	at com.kms.katalon.core.keyword.internal.KeywordMain.runKeyword(KeywordMain.groovy:56)
	at com.kms.katalon.core.webservice.keyword.builtin.VerifyResponseStatusCodeKeyword.verifyResponseStatusCode(VerifyResponseStatusCodeKeyword.groovy:37)
	at com.kms.katalon.core.webservice.keyword.builtin.VerifyResponseStatusCodeKeyword.execute(VerifyResponseStatusCodeKeyword.groovy:32)
	at com.kms.katalon.core.keyword.internal.KeywordExecutor.executeKeywordForPlatform(KeywordExecutor.groovy:53)
	at com.kms.katalon.core.webservice.keyword.WSBuiltInKeywords.verifyResponseStatusCode(WSBuiltInKeywords.groovy:212)
	at com.kms.katalon.core.webservice.keyword.WSBuiltInKeywords$verifyResponseStatusCode$0.call(Unknown Source)
	at Change Customer Bank service information for a idividual customer in CUBK screen.run(Change Customer Bank service information for a idividual customer in CUBK screen:37)
	at com.kms.katalon.core.main.ScriptEngine.run(ScriptEngine.java:194)
	at com.kms.katalon.core.main.ScriptEngine.runScriptAsRawText(ScriptEngine.java:119)
	at com.kms.katalon.core.main.TestCaseExecutor.runScript(TestCaseExecutor.java:328)
	at com.kms.katalon.core.main.TestCaseExecutor.doExecute(TestCaseExecutor.java:319)
	at com.kms.katalon.core.main.TestCaseExecutor.processExecutionPhase(TestCaseExecutor.java:298)
	at com.kms.katalon.core.main.TestCaseExecutor.accessMainPhase(TestCaseExecutor.java:290)
	at com.kms.katalon.core.main.TestCaseExecutor.execute(TestCaseExecutor.java:224)
	at com.kms.katalon.core.main.TestSuiteExecutor.accessTestCaseMainPhase(TestSuiteExecutor.java:129)
	at com.kms.katalon.core.main.TestSuiteExecutor.accessTestSuiteMainPhase(TestSuiteExecutor.java:112)
	at com.kms.katalon.core.main.TestSuiteExecutor.execute(TestSuiteExecutor.java:81)
	at com.kms.katalon.core.main.TestCaseMain.startTestSuite(TestCaseMain.java:149)
	at com.kms.katalon.core.main.TestCaseMain$startTestSuite$0.call(Unknown Source)
	at TempTestSuite1574856476021.run(TempTestSuite1574856476021.groovy:36)]]></system-out>
         <system-err><![CDATA[2019-11-27 17:38:38 - [TEST_CASE][FAILED] - Test Cases/Change Customer/Change Customer Bank service information for a idividual customer in CUBK screen: Test Cases/Change Customer/Change Customer Bank service information for a idividual customer in CUBK screen FAILED.
Reason:
com.kms.katalon.core.exception.StepFailedException: Unable to verify response status code (Root cause: com.kms.katalon.core.exception.StepFailedException: Expected status code is '200' but actual status code is '400')
	at com.kms.katalon.core.keyword.internal.KeywordMain.stepFailed(KeywordMain.groovy:36)
	at com.kms.katalon.core.keyword.internal.KeywordMain.stepFailed(KeywordMain.groovy)
	at com.kms.katalon.core.keyword.internal.KeywordMain.runKeyword(KeywordMain.groovy:56)
	at com.kms.katalon.core.webservice.keyword.builtin.VerifyResponseStatusCodeKeyword.verifyResponseStatusCode(VerifyResponseStatusCodeKeyword.groovy:37)
	at com.kms.katalon.core.webservice.keyword.builtin.VerifyResponseStatusCodeKeyword.execute(VerifyResponseStatusCodeKeyword.groovy:32)
	at com.kms.katalon.core.keyword.internal.KeywordExecutor.executeKeywordForPlatform(KeywordExecutor.groovy:53)
	at com.kms.katalon.core.webservice.keyword.WSBuiltInKeywords.verifyResponseStatusCode(WSBuiltInKeywords.groovy:212)
	at com.kms.katalon.core.webservice.keyword.WSBuiltInKeywords$verifyResponseStatusCode$0.call(Unknown Source)
	at Change Customer Bank service information for a idividual customer in CUBK screen.run(Change Customer Bank service information for a idividual customer in CUBK screen:37)
	at com.kms.katalon.core.main.ScriptEngine.run(ScriptEngine.java:194)
	at com.kms.katalon.core.main.ScriptEngine.runScriptAsRawText(ScriptEngine.java:119)
	at com.kms.katalon.core.main.TestCaseExecutor.runScript(TestCaseExecutor.java:328)
	at com.kms.katalon.core.main.TestCaseExecutor.doExecute(TestCaseExecutor.java:319)
	at com.kms.katalon.core.main.TestCaseExecutor.processExecutionPhase(TestCaseExecutor.java:298)
	at com.kms.katalon.core.main.TestCaseExecutor.accessMainPhase(TestCaseExecutor.java:290)
	at com.kms.katalon.core.main.TestCaseExecutor.execute(TestCaseExecutor.java:224)
	at com.kms.katalon.core.main.TestSuiteExecutor.accessTestCaseMainPhase(TestSuiteExecutor.java:129)
	at com.kms.katalon.core.main.TestSuiteExecutor.accessTestSuiteMainPhase(TestSuiteExecutor.java:112)
	at com.kms.katalon.core.main.TestSuiteExecutor.execute(TestSuiteExecutor.java:81)
	at com.kms.katalon.core.main.TestCaseMain.startTestSuite(TestCaseMain.java:149)
	at com.kms.katalon.core.main.TestCaseMain$startTestSuite$0.call(Unknown Source)
	at TempTestSuite1574856476021.run(TempTestSuite1574856476021.groovy:36)]]></system-err>
      </testcase>
      <testcase name="Test Cases/Change Customer/Change Customer Bank relationship information for a idividual customer in CUBK screen" classname="Test Cases/Change Customer/Change Customer Bank relationship information for a idividual customer in CUBK screen" status="FAILED">
         <failure type="FAILED" message="Test Cases/Change Customer/Change Customer Bank relationship information for a idividual customer in CUBK screen FAILED.
Reason:
com.kms.katalon.core.exception.StepFailedException: Unable to verify response status code (Root cause: com.kms.katalon.core.exception.StepFailedException: Expected status code is '200' but actual status code is '400')
	at com.kms.katalon.core.keyword.internal.KeywordMain.stepFailed(KeywordMain.groovy:36)
	at com.kms.katalon.core.keyword.internal.KeywordMain.stepFailed(KeywordMain.groovy)
	at com.kms.katalon.core.keyword.internal.KeywordMain.runKeyword(KeywordMain.groovy:56)
	at com.kms.katalon.core.webservice.keyword.builtin.VerifyResponseStatusCodeKeyword.verifyResponseStatusCode(VerifyResponseStatusCodeKeyword.groovy:37)
	at com.kms.katalon.core.webservice.keyword.builtin.VerifyResponseStatusCodeKeyword.execute(VerifyResponseStatusCodeKeyword.groovy:32)
	at com.kms.katalon.core.keyword.internal.KeywordExecutor.executeKeywordForPlatform(KeywordExecutor.groovy:53)
	at com.kms.katalon.core.webservice.keyword.WSBuiltInKeywords.verifyResponseStatusCode(WSBuiltInKeywords.groovy:212)
	at com.kms.katalon.core.webservice.keyword.WSBuiltInKeywords$verifyResponseStatusCode$0.call(Unknown Source)
	at Change Customer Bank relationship information for a idividual customer in CUBK screen.run(Change Customer Bank relationship information for a idividual customer in CUBK screen:35)
	at com.kms.katalon.core.main.ScriptEngine.run(ScriptEngine.java:194)
	at com.kms.katalon.core.main.ScriptEngine.runScriptAsRawText(ScriptEngine.java:119)
	at com.kms.katalon.core.main.TestCaseExecutor.runScript(TestCaseExecutor.java:328)
	at com.kms.katalon.core.main.TestCaseExecutor.doExecute(TestCaseExecutor.java:319)
	at com.kms.katalon.core.main.TestCaseExecutor.processExecutionPhase(TestCaseExecutor.java:298)
	at com.kms.katalon.core.main.TestCaseExecutor.accessMainPhase(TestCaseExecutor.java:290)
	at com.kms.katalon.core.main.TestCaseExecutor.execute(TestCaseExecutor.java:224)
	at com.kms.katalon.core.main.TestSuiteExecutor.accessTestCaseMainPhase(TestSuiteExecutor.java:129)
	at com.kms.katalon.core.main.TestSuiteExecutor.accessTestSuiteMainPhase(TestSuiteExecutor.java:112)
	at com.kms.katalon.core.main.TestSuiteExecutor.execute(TestSuiteExecutor.java:81)
	at com.kms.katalon.core.main.TestCaseMain.startTestSuite(TestCaseMain.java:149)
	at com.kms.katalon.core.main.TestCaseMain$startTestSuite$0.call(Unknown Source)
	at TempTestSuite1574856476021.run(TempTestSuite1574856476021.groovy:36)
"/>
         <system-out><![CDATA[2019-11-27 17:38:43 - [TEST_CASE][FAILED] - Test Cases/Change Customer/Change Customer Bank relationship information for a idividual customer in CUBK screen: Test Cases/Change Customer/Change Customer Bank relationship information for a idividual customer in CUBK screen FAILED.
Reason:
com.kms.katalon.core.exception.StepFailedException: Unable to verify response status code (Root cause: com.kms.katalon.core.exception.StepFailedException: Expected status code is '200' but actual status code is '400')
	at com.kms.katalon.core.keyword.internal.KeywordMain.stepFailed(KeywordMain.groovy:36)
	at com.kms.katalon.core.keyword.internal.KeywordMain.stepFailed(KeywordMain.groovy)
	at com.kms.katalon.core.keyword.internal.KeywordMain.runKeyword(KeywordMain.groovy:56)
	at com.kms.katalon.core.webservice.keyword.builtin.VerifyResponseStatusCodeKeyword.verifyResponseStatusCode(VerifyResponseStatusCodeKeyword.groovy:37)
	at com.kms.katalon.core.webservice.keyword.builtin.VerifyResponseStatusCodeKeyword.execute(VerifyResponseStatusCodeKeyword.groovy:32)
	at com.kms.katalon.core.keyword.internal.KeywordExecutor.executeKeywordForPlatform(KeywordExecutor.groovy:53)
	at com.kms.katalon.core.webservice.keyword.WSBuiltInKeywords.verifyResponseStatusCode(WSBuiltInKeywords.groovy:212)
	at com.kms.katalon.core.webservice.keyword.WSBuiltInKeywords$verifyResponseStatusCode$0.call(Unknown Source)
	at Change Customer Bank relationship information for a idividual customer in CUBK screen.run(Change Customer Bank relationship information for a idividual customer in CUBK screen:35)
	at com.kms.katalon.core.main.ScriptEngine.run(ScriptEngine.java:194)
	at com.kms.katalon.core.main.ScriptEngine.runScriptAsRawText(ScriptEngine.java:119)
	at com.kms.katalon.core.main.TestCaseExecutor.runScript(TestCaseExecutor.java:328)
	at com.kms.katalon.core.main.TestCaseExecutor.doExecute(TestCaseExecutor.java:319)
	at com.kms.katalon.core.main.TestCaseExecutor.processExecutionPhase(TestCaseExecutor.java:298)
	at com.kms.katalon.core.main.TestCaseExecutor.accessMainPhase(TestCaseExecutor.java:290)
	at com.kms.katalon.core.main.TestCaseExecutor.execute(TestCaseExecutor.java:224)
	at com.kms.katalon.core.main.TestSuiteExecutor.accessTestCaseMainPhase(TestSuiteExecutor.java:129)
	at com.kms.katalon.core.main.TestSuiteExecutor.accessTestSuiteMainPhase(TestSuiteExecutor.java:112)
	at com.kms.katalon.core.main.TestSuiteExecutor.execute(TestSuiteExecutor.java:81)
	at com.kms.katalon.core.main.TestCaseMain.startTestSuite(TestCaseMain.java:149)
	at com.kms.katalon.core.main.TestCaseMain$startTestSuite$0.call(Unknown Source)
	at TempTestSuite1574856476021.run(TempTestSuite1574856476021.groovy:36)


2019-11-27 17:38:43 - [TEST_STEP][FAILED] - for ([i = 5, i < 6, (i++)]): for ([i = 5, i < 6, (i++)]) FAILED.
Reason:
com.kms.katalon.core.exception.StepFailedException: Unable to verify response status code (Root cause: com.kms.katalon.core.exception.StepFailedException: Expected status code is '200' but actual status code is '400')
	at com.kms.katalon.core.keyword.internal.KeywordMain.stepFailed(KeywordMain.groovy:36)
	at com.kms.katalon.core.keyword.internal.KeywordMain.stepFailed(KeywordMain.groovy)
	at com.kms.katalon.core.keyword.internal.KeywordMain.runKeyword(KeywordMain.groovy:56)
	at com.kms.katalon.core.webservice.keyword.builtin.VerifyResponseStatusCodeKeyword.verifyResponseStatusCode(VerifyResponseStatusCodeKeyword.groovy:37)
	at com.kms.katalon.core.webservice.keyword.builtin.VerifyResponseStatusCodeKeyword.execute(VerifyResponseStatusCodeKeyword.groovy:32)
	at com.kms.katalon.core.keyword.internal.KeywordExecutor.executeKeywordForPlatform(KeywordExecutor.groovy:53)
	at com.kms.katalon.core.webservice.keyword.WSBuiltInKeywords.verifyResponseStatusCode(WSBuiltInKeywords.groovy:212)
	at com.kms.katalon.core.webservice.keyword.WSBuiltInKeywords$verifyResponseStatusCode$0.call(Unknown Source)
	at Change Customer Bank relationship information for a idividual customer in CUBK screen.run(Change Customer Bank relationship information for a idividual customer in CUBK screen:35)
	at com.kms.katalon.core.main.ScriptEngine.run(ScriptEngine.java:194)
	at com.kms.katalon.core.main.ScriptEngine.runScriptAsRawText(ScriptEngine.java:119)
	at com.kms.katalon.core.main.TestCaseExecutor.runScript(TestCaseExecutor.java:328)
	at com.kms.katalon.core.main.TestCaseExecutor.doExecute(TestCaseExecutor.java:319)
	at com.kms.katalon.core.main.TestCaseExecutor.processExecutionPhase(TestCaseExecutor.java:298)
	at com.kms.katalon.core.main.TestCaseExecutor.accessMainPhase(TestCaseExecutor.java:290)
	at com.kms.katalon.core.main.TestCaseExecutor.execute(TestCaseExecutor.java:224)
	at com.kms.katalon.core.main.TestSuiteExecutor.accessTestCaseMainPhase(TestSuiteExecutor.java:129)
	at com.kms.katalon.core.main.TestSuiteExecutor.accessTestSuiteMainPhase(TestSuiteExecutor.java:112)
	at com.kms.katalon.core.main.TestSuiteExecutor.execute(TestSuiteExecutor.java:81)
	at com.kms.katalon.core.main.TestCaseMain.startTestSuite(TestCaseMain.java:149)
	at com.kms.katalon.core.main.TestCaseMain$startTestSuite$0.call(Unknown Source)
	at TempTestSuite1574856476021.run(TempTestSuite1574856476021.groovy:36)


2019-11-27 17:38:43 - [TEST_STEP][PASSED] - println("ROW NUMBER IS : " + i): null

2019-11-27 17:38:43 - [TEST_STEP][PASSED] - println("APPLICATION CODE : " + findTestData("Z-Connect Test Data/Change Customer_TestData").getValue(15, i)): null

2019-11-27 17:38:44 - [TEST_STEP][PASSED] - println("STATUS CODE : " + findTestData("Z-Connect Test Data/Change Customer_TestData").getValue(16, i)): null

2019-11-27 17:38:44 - [TEST_STEP][PASSED] - println("STATUS MESSAGE : " + findTestData("Z-Connect Test Data/Change Customer_TestData").getValue(17, i)): null

2019-11-27 17:38:44 - [TEST_STEP][PASSED] - println("SEVERITY : " + findTestData("Z-Connect Test Data/Change Customer_TestData").getValue(18, i)): null

2019-11-27 17:38:44 - [TEST_STEP][PASSED] - response = sendRequest(findTestObject("Change Customer/Change Customer Bank relationship information for a idividual customer in CUBK screen", ["inputKey":findTestData("Z-Connect Test Data/Change Customer_TestData").getValue(2, i), "customerTie":findTestData("Z-Connect Test Data/Change Customer_TestData").getValue(3, i), ... ])): Send request successfully

2019-11-27 17:38:47 - [MESSAGE][INFO] - HAR: C:\Users\khaja.h\Katalon Studio\Z-Connect\Reports\Change Customer\20191127_173755\requests\main\5.har

2019-11-27 17:38:47 - [MESSAGE][PASSED] - Send request successfully

2019-11-27 17:38:47 - [TEST_STEP][FAILED] - verifyResponseStatusCode(response, 200): for ([i = 5, i < 6, (i++)]) FAILED.
Reason:
com.kms.katalon.core.exception.StepFailedException: Unable to verify response status code (Root cause: com.kms.katalon.core.exception.StepFailedException: Expected status code is '200' but actual status code is '400')
	at com.kms.katalon.core.keyword.internal.KeywordMain.stepFailed(KeywordMain.groovy:36)
	at com.kms.katalon.core.keyword.internal.KeywordMain.stepFailed(KeywordMain.groovy)
	at com.kms.katalon.core.keyword.internal.KeywordMain.runKeyword(KeywordMain.groovy:56)
	at com.kms.katalon.core.webservice.keyword.builtin.VerifyResponseStatusCodeKeyword.verifyResponseStatusCode(VerifyResponseStatusCodeKeyword.groovy:37)
	at com.kms.katalon.core.webservice.keyword.builtin.VerifyResponseStatusCodeKeyword.execute(VerifyResponseStatusCodeKeyword.groovy:32)
	at com.kms.katalon.core.keyword.internal.KeywordExecutor.executeKeywordForPlatform(KeywordExecutor.groovy:53)
	at com.kms.katalon.core.webservice.keyword.WSBuiltInKeywords.verifyResponseStatusCode(WSBuiltInKeywords.groovy:212)
	at com.kms.katalon.core.webservice.keyword.WSBuiltInKeywords$verifyResponseStatusCode$0.call(Unknown Source)
	at Change Customer Bank relationship information for a idividual customer in CUBK screen.run(Change Customer Bank relationship information for a idividual customer in CUBK screen:35)
	at com.kms.katalon.core.main.ScriptEngine.run(ScriptEngine.java:194)
	at com.kms.katalon.core.main.ScriptEngine.runScriptAsRawText(ScriptEngine.java:119)
	at com.kms.katalon.core.main.TestCaseExecutor.runScript(TestCaseExecutor.java:328)
	at com.kms.katalon.core.main.TestCaseExecutor.doExecute(TestCaseExecutor.java:319)
	at com.kms.katalon.core.main.TestCaseExecutor.processExecutionPhase(TestCaseExecutor.java:298)
	at com.kms.katalon.core.main.TestCaseExecutor.accessMainPhase(TestCaseExecutor.java:290)
	at com.kms.katalon.core.main.TestCaseExecutor.execute(TestCaseExecutor.java:224)
	at com.kms.katalon.core.main.TestSuiteExecutor.accessTestCaseMainPhase(TestSuiteExecutor.java:129)
	at com.kms.katalon.core.main.TestSuiteExecutor.accessTestSuiteMainPhase(TestSuiteExecutor.java:112)
	at com.kms.katalon.core.main.TestSuiteExecutor.execute(TestSuiteExecutor.java:81)
	at com.kms.katalon.core.main.TestCaseMain.startTestSuite(TestCaseMain.java:149)
	at com.kms.katalon.core.main.TestCaseMain$startTestSuite$0.call(Unknown Source)
	at TempTestSuite1574856476021.run(TempTestSuite1574856476021.groovy:36)


2019-11-27 17:38:47 - [MESSAGE][FAILED] - Expected status code is '200' but actual status code is '400'

2019-11-27 17:38:47 - [MESSAGE][FAILED] - Unable to verify response status code (Root cause: com.kms.katalon.core.exception.StepFailedException: Expected status code is '200' but actual status code is '400')

2019-11-27 17:38:47 - [MESSAGE][FAILED] - for ([i = 5, i < 6, (i++)]) FAILED.
Reason:
com.kms.katalon.core.exception.StepFailedException: Unable to verify response status code (Root cause: com.kms.katalon.core.exception.StepFailedException: Expected status code is '200' but actual status code is '400')
	at com.kms.katalon.core.keyword.internal.KeywordMain.stepFailed(KeywordMain.groovy:36)
	at com.kms.katalon.core.keyword.internal.KeywordMain.stepFailed(KeywordMain.groovy)
	at com.kms.katalon.core.keyword.internal.KeywordMain.runKeyword(KeywordMain.groovy:56)
	at com.kms.katalon.core.webservice.keyword.builtin.VerifyResponseStatusCodeKeyword.verifyResponseStatusCode(VerifyResponseStatusCodeKeyword.groovy:37)
	at com.kms.katalon.core.webservice.keyword.builtin.VerifyResponseStatusCodeKeyword.execute(VerifyResponseStatusCodeKeyword.groovy:32)
	at com.kms.katalon.core.keyword.internal.KeywordExecutor.executeKeywordForPlatform(KeywordExecutor.groovy:53)
	at com.kms.katalon.core.webservice.keyword.WSBuiltInKeywords.verifyResponseStatusCode(WSBuiltInKeywords.groovy:212)
	at com.kms.katalon.core.webservice.keyword.WSBuiltInKeywords$verifyResponseStatusCode$0.call(Unknown Source)
	at Change Customer Bank relationship information for a idividual customer in CUBK screen.run(Change Customer Bank relationship information for a idividual customer in CUBK screen:35)
	at com.kms.katalon.core.main.ScriptEngine.run(ScriptEngine.java:194)
	at com.kms.katalon.core.main.ScriptEngine.runScriptAsRawText(ScriptEngine.java:119)
	at com.kms.katalon.core.main.TestCaseExecutor.runScript(TestCaseExecutor.java:328)
	at com.kms.katalon.core.main.TestCaseExecutor.doExecute(TestCaseExecutor.java:319)
	at com.kms.katalon.core.main.TestCaseExecutor.processExecutionPhase(TestCaseExecutor.java:298)
	at com.kms.katalon.core.main.TestCaseExecutor.accessMainPhase(TestCaseExecutor.java:290)
	at com.kms.katalon.core.main.TestCaseExecutor.execute(TestCaseExecutor.java:224)
	at com.kms.katalon.core.main.TestSuiteExecutor.accessTestCaseMainPhase(TestSuiteExecutor.java:129)
	at com.kms.katalon.core.main.TestSuiteExecutor.accessTestSuiteMainPhase(TestSuiteExecutor.java:112)
	at com.kms.katalon.core.main.TestSuiteExecutor.execute(TestSuiteExecutor.java:81)
	at com.kms.katalon.core.main.TestCaseMain.startTestSuite(TestCaseMain.java:149)
	at com.kms.katalon.core.main.TestCaseMain$startTestSuite$0.call(Unknown Source)
	at TempTestSuite1574856476021.run(TempTestSuite1574856476021.groovy:36)]]></system-out>
         <system-err><![CDATA[2019-11-27 17:38:43 - [TEST_CASE][FAILED] - Test Cases/Change Customer/Change Customer Bank relationship information for a idividual customer in CUBK screen: Test Cases/Change Customer/Change Customer Bank relationship information for a idividual customer in CUBK screen FAILED.
Reason:
com.kms.katalon.core.exception.StepFailedException: Unable to verify response status code (Root cause: com.kms.katalon.core.exception.StepFailedException: Expected status code is '200' but actual status code is '400')
	at com.kms.katalon.core.keyword.internal.KeywordMain.stepFailed(KeywordMain.groovy:36)
	at com.kms.katalon.core.keyword.internal.KeywordMain.stepFailed(KeywordMain.groovy)
	at com.kms.katalon.core.keyword.internal.KeywordMain.runKeyword(KeywordMain.groovy:56)
	at com.kms.katalon.core.webservice.keyword.builtin.VerifyResponseStatusCodeKeyword.verifyResponseStatusCode(VerifyResponseStatusCodeKeyword.groovy:37)
	at com.kms.katalon.core.webservice.keyword.builtin.VerifyResponseStatusCodeKeyword.execute(VerifyResponseStatusCodeKeyword.groovy:32)
	at com.kms.katalon.core.keyword.internal.KeywordExecutor.executeKeywordForPlatform(KeywordExecutor.groovy:53)
	at com.kms.katalon.core.webservice.keyword.WSBuiltInKeywords.verifyResponseStatusCode(WSBuiltInKeywords.groovy:212)
	at com.kms.katalon.core.webservice.keyword.WSBuiltInKeywords$verifyResponseStatusCode$0.call(Unknown Source)
	at Change Customer Bank relationship information for a idividual customer in CUBK screen.run(Change Customer Bank relationship information for a idividual customer in CUBK screen:35)
	at com.kms.katalon.core.main.ScriptEngine.run(ScriptEngine.java:194)
	at com.kms.katalon.core.main.ScriptEngine.runScriptAsRawText(ScriptEngine.java:119)
	at com.kms.katalon.core.main.TestCaseExecutor.runScript(TestCaseExecutor.java:328)
	at com.kms.katalon.core.main.TestCaseExecutor.doExecute(TestCaseExecutor.java:319)
	at com.kms.katalon.core.main.TestCaseExecutor.processExecutionPhase(TestCaseExecutor.java:298)
	at com.kms.katalon.core.main.TestCaseExecutor.accessMainPhase(TestCaseExecutor.java:290)
	at com.kms.katalon.core.main.TestCaseExecutor.execute(TestCaseExecutor.java:224)
	at com.kms.katalon.core.main.TestSuiteExecutor.accessTestCaseMainPhase(TestSuiteExecutor.java:129)
	at com.kms.katalon.core.main.TestSuiteExecutor.accessTestSuiteMainPhase(TestSuiteExecutor.java:112)
	at com.kms.katalon.core.main.TestSuiteExecutor.execute(TestSuiteExecutor.java:81)
	at com.kms.katalon.core.main.TestCaseMain.startTestSuite(TestCaseMain.java:149)
	at com.kms.katalon.core.main.TestCaseMain$startTestSuite$0.call(Unknown Source)
	at TempTestSuite1574856476021.run(TempTestSuite1574856476021.groovy:36)]]></system-err>
      </testcase>
      <system-out><![CDATA[2019-11-27 17:38:01 - [TEST_SUITE][FAILED] - Change Customer: Test Cases/Change Customer/Change Customer For Business customer in CUCD screen FAILED.
Reason:
com.kms.katalon.core.exception.StepFailedException: Unable to verify response status code (Root cause: com.kms.katalon.core.exception.StepFailedException: Expected status code is '200' but actual status code is '400')
	at com.kms.katalon.core.keyword.internal.KeywordMain.stepFailed(KeywordMain.groovy:36)
	at com.kms.katalon.core.keyword.internal.KeywordMain.stepFailed(KeywordMain.groovy)
	at com.kms.katalon.core.keyword.internal.KeywordMain.runKeyword(KeywordMain.groovy:56)
	at com.kms.katalon.core.webservice.keyword.builtin.VerifyResponseStatusCodeKeyword.verifyResponseStatusCode(VerifyResponseStatusCodeKeyword.groovy:37)
	at com.kms.katalon.core.webservice.keyword.builtin.VerifyResponseStatusCodeKeyword.execute(VerifyResponseStatusCodeKeyword.groovy:32)
	at com.kms.katalon.core.keyword.internal.KeywordExecutor.executeKeywordForPlatform(KeywordExecutor.groovy:53)
	at com.kms.katalon.core.webservice.keyword.WSBuiltInKeywords.verifyResponseStatusCode(WSBuiltInKeywords.groovy:212)
	at com.kms.katalon.core.webservice.keyword.WSBuiltInKeywords$verifyResponseStatusCode$0.call(Unknown Source)
	at Change Customer For Business customer in CUCD screen.run(Change Customer For Business customer in CUCD screen:40)
	at com.kms.katalon.core.main.ScriptEngine.run(ScriptEngine.java:194)
	at com.kms.katalon.core.main.ScriptEngine.runScriptAsRawText(ScriptEngine.java:119)
	at com.kms.katalon.core.main.TestCaseExecutor.runScript(TestCaseExecutor.java:328)
	at com.kms.katalon.core.main.TestCaseExecutor.doExecute(TestCaseExecutor.java:319)
	at com.kms.katalon.core.main.TestCaseExecutor.processExecutionPhase(TestCaseExecutor.java:298)
	at com.kms.katalon.core.main.TestCaseExecutor.accessMainPhase(TestCaseExecutor.java:290)
	at com.kms.katalon.core.main.TestCaseExecutor.execute(TestCaseExecutor.java:224)
	at com.kms.katalon.core.main.TestSuiteExecutor.accessTestCaseMainPhase(TestSuiteExecutor.java:129)
	at com.kms.katalon.core.main.TestSuiteExecutor.accessTestSuiteMainPhase(TestSuiteExecutor.java:112)
	at com.kms.katalon.core.main.TestSuiteExecutor.execute(TestSuiteExecutor.java:81)
	at com.kms.katalon.core.main.TestCaseMain.startTestSuite(TestCaseMain.java:149)
	at com.kms.katalon.core.main.TestCaseMain$startTestSuite$0.call(Unknown Source)
	at TempTestSuite1574856476021.run(TempTestSuite1574856476021.groovy:36)]]></system-out>
      <system-err><![CDATA[2019-11-27 17:38:01 - [TEST_SUITE][FAILED] - Change Customer: Test Cases/Change Customer/Change Customer For Business customer in CUCD screen FAILED.
Reason:
com.kms.katalon.core.exception.StepFailedException: Unable to verify response status code (Root cause: com.kms.katalon.core.exception.StepFailedException: Expected status code is '200' but actual status code is '400')
	at com.kms.katalon.core.keyword.internal.KeywordMain.stepFailed(KeywordMain.groovy:36)
	at com.kms.katalon.core.keyword.internal.KeywordMain.stepFailed(KeywordMain.groovy)
	at com.kms.katalon.core.keyword.internal.KeywordMain.runKeyword(KeywordMain.groovy:56)
	at com.kms.katalon.core.webservice.keyword.builtin.VerifyResponseStatusCodeKeyword.verifyResponseStatusCode(VerifyResponseStatusCodeKeyword.groovy:37)
	at com.kms.katalon.core.webservice.keyword.builtin.VerifyResponseStatusCodeKeyword.execute(VerifyResponseStatusCodeKeyword.groovy:32)
	at com.kms.katalon.core.keyword.internal.KeywordExecutor.executeKeywordForPlatform(KeywordExecutor.groovy:53)
	at com.kms.katalon.core.webservice.keyword.WSBuiltInKeywords.verifyResponseStatusCode(WSBuiltInKeywords.groovy:212)
	at com.kms.katalon.core.webservice.keyword.WSBuiltInKeywords$verifyResponseStatusCode$0.call(Unknown Source)
	at Change Customer For Business customer in CUCD screen.run(Change Customer For Business customer in CUCD screen:40)
	at com.kms.katalon.core.main.ScriptEngine.run(ScriptEngine.java:194)
	at com.kms.katalon.core.main.ScriptEngine.runScriptAsRawText(ScriptEngine.java:119)
	at com.kms.katalon.core.main.TestCaseExecutor.runScript(TestCaseExecutor.java:328)
	at com.kms.katalon.core.main.TestCaseExecutor.doExecute(TestCaseExecutor.java:319)
	at com.kms.katalon.core.main.TestCaseExecutor.processExecutionPhase(TestCaseExecutor.java:298)
	at com.kms.katalon.core.main.TestCaseExecutor.accessMainPhase(TestCaseExecutor.java:290)
	at com.kms.katalon.core.main.TestCaseExecutor.execute(TestCaseExecutor.java:224)
	at com.kms.katalon.core.main.TestSuiteExecutor.accessTestCaseMainPhase(TestSuiteExecutor.java:129)
	at com.kms.katalon.core.main.TestSuiteExecutor.accessTestSuiteMainPhase(TestSuiteExecutor.java:112)
	at com.kms.katalon.core.main.TestSuiteExecutor.execute(TestSuiteExecutor.java:81)
	at com.kms.katalon.core.main.TestCaseMain.startTestSuite(TestCaseMain.java:149)
	at com.kms.katalon.core.main.TestCaseMain$startTestSuite$0.call(Unknown Source)
	at TempTestSuite1574856476021.run(TempTestSuite1574856476021.groovy:36)]]></system-err>
   </testsuite>
</testsuites>
